24.6471 24.6471
64.9705 47.1365
49.2849 28.3429
59.3783 36.7578
61.9001 34.984
60.5719 10.9714
62.7271 10.9853
57.4188 9.30921
58.8888 9.12968
57.3349 8.64063
58.9312 8.65029
60.9506 8.60859
58.9379 8.09878
60.6795 8.10045
63.3945 7.87639
63.8591 7.44343
65.0723 7.26044
67.9985 7.18188
68.385 7.1575
67.9334 7.05842
69.1264 7.0918
68.5677 6.88915
68.5807 6.83997
66.6956 6.41087
66.9793 6.21683
66.3764 6.1009
66.2745 6.0272
67.2245 6.08142
67.6582 6.06106
66.4947 5.90999
66.9751 5.90308
67.308 5.8328
67.6194 5.81554
66.9939 5.71516
67.2122 5.66365
66.0714 5.54169
65.0943 5.36064
65.5128 5.37066
65.7664 5.34578
65.4064 5.26816
65.4802 5.23561
65.318 5.2181
65.5646 5.17737
65.3399 5.10026
64.7327 5.00291
65.8284 4.93394
65.609 4.87371
64.963 4.76952
64.9866 4.7536
64.5132 4.7247
64.684 4.70433
64.8315 4.66929
65.1608 4.66434
64.4746 4.57361
63.8162 4.5028
63.1005 4.44368
63.3301 4.41204
63.3238 4.39277
63.1673 4.36332
62.3701 4.31295
62.7236 4.2925
63.1452 4.25003
62.8444 4.19767
61.6448 4.01573
59.9477 3.84955
59.8509 3.81619
60.1695 3.79524
60.298 3.78564
60.346 3.70577
60.5225 3.72443
60.6294 3.6655
59.2136 3.55496
59.6941 3.58425
60.3611 3.58697
60.5118 3.58237
60.1817 3.53012
60.4678 3.47114
60.8974 3.47552
61.182 3.48454
61.7549 3.49039
61.6974 3.49519
61.2256 3.47834
61.3307 3.47779
61.6501 3.483
61.8072 3.47716
61.8849 3.45951
61.8474 3.44183
61.6809 3.4089
61.8352 3.4059
61.9029 3.3777
62.1646 3.38146
62.4279 3.3747
62.7775 3.38178
62.6681 3.36809
62.4493 3.35185
62.7242 3.3366
63.2035 3.33693
63.4442 3.32925
63.4753 3.31605
63.6524 3.30848

0.0837781 0.0837781
0.086708 0.0622395
0.11181 0.0572339
0.143883 0.063615
0.179269 0.0727944
0.202927 0.0743408
0.21295 0.0833183
0.193854 0.0735584
0.189441 0.0651223
0.183219 0.0689018
0.18287 0.0733128
0.169573 0.0299782
0.163832 0.0283089
0.170432 0.0289745
0.171993 0.0245349
0.159388 0.0201701
0.149956 0.0182075
0.162091 0.018685
0.163465 0.0184486
0.165613 0.0181479
0.171713 0.0181694
0.176059 0.0185943
0.177885 0.018544
0.185282 0.0185399
0.186702 0.0185169
0.182929 0.0176506
0.190113 0.0175995
0.188814 0.0173577
0.190894 0.0173979
0.188954 0.0168688
0.191246 0.0164132
0.189177 0.0159079
0.194027 0.0159987
0.194404 0.0159421
0.194013 0.0151385
0.19303 0.0148619
0.198069 0.0151625
0.18973 0.0134805
0.188595 0.0133613
0.188378 0.0132389
0.190643 0.0131453
0.189219 0.0126863
0.189283 0.0125472
0.190963 0.0126219
0.193381 0.0128049
0.196961 0.0128368
0.195684 0.0124339
0.196007 0.0121665
0.194941 0.0120459
0.193575 0.0119639
0.194939 0.0119225
0.193898 0.0116206
0.195038 0.0116504
0.195834 0.0116388
0.195448 0.0115798
0.199427 0.0115723
0.199837 0.011555
0.200546 0.0115397
0.201352 0.0115765
0.201279 0.011527
0.202488 0.0112343
0.20276 0.011141
0.203792 0.0111103
0.204858 0.0110136
0.204255 0.0108454
0.203448 0.0106992
0.200965 0.0105043
0.201023 0.0104785
0.199547 0.0102341
0.200271 0.0102539
0.199699 0.0101141
0.198127 0.00993917
0.198937 0.00986482
0.199622 0.00979377
0.197298 0.0096172
0.196138 0.00951682
0.195833 0.00950691
0.19546 0.00944402
0.196349 0.0094328
0.195743 0.00937104
0.195976 0.00933582
0.19593 0.00932706
0.197919 0.00923358
0.196525 0.00914888
0.19766 0.00912324
0.19891 0.00915997
0.199807 0.00916443
0.200268 0.00916455
0.201224 0.00913012
0.202169 0.00915964
0.201977 0.00913304
0.203662 0.0091988
0.203007 0.00903318
0.200714 0.00886855
0.200199 0.00883064
0.201326 0.00886536
0.202094 0.00888369
0.203568 0.00885473
0.203349 0.00879481
0.202968 0.00877074

0.00271666 0.00271666
0.00684397 0.00486344
0.00587605 0.00235703
0.005087 0.00245051
0.00424701 0.00247857
0.00430786 0.000833728
0.00459775 0.000817787
0.00461569 0.000798054
0.00424534 0.000663103
0.00478782 0.000653855
0.00440677 0.000547165
0.00445772 0.000544009
0.00511612 0.000854067
0.00509921 0.000850826
0.00513679 0.000821045
0.00520363 0.000823678
0.00509319 0.000790633
0.00503682 0.000754372
0.00512445 0.000744983
0.00513736 0.000739453
0.00513413 0.000733442
0.0054204 0.000844281
0.00543556 0.000842485
0.00556342 0.000541537
0.00572004 0.000536411
0.00574539 0.000533143
0.00577837 0.000530206
0.00574771 0.000511025
0.0057448 0.000508179
0.00581004 0.000519986
0.00587309 0.000516252
0.00592249 0.000516292
0.00582626 0.000503099
0.00575944 0.000490911
0.00578404 0.000490581
0.00579218 0.000488447
0.00557991 0.000472273
0.00564516 0.000467205
0.00565175 0.000465509
0.00570878 0.00046602
0.00559824 0.000446879
0.00562133 0.000442198
0.00567154 0.00044081
0.00567914 0.000439385
0.00564881 0.00043332
0.00564729 0.000429712
0.00561609 0.000427477
0.00565821 0.000426431
0.00572622 0.000431782
0.00578022 0.000433876
0.00582114 0.000434524
0.00575276 0.000425201
0.0056735 0.000409846
0.00563844 0.000392824
0.00569794 0.00039249
0.00571451 0.000391857
0.00551075 0.000370132
0.00550313 0.000367509
0.00551086 0.0003643
0.0055753 0.000368402
0.00562061 0.0003703
0.00569421 0.000373916
0.00574591 0.000376438
0.0057152 0.000369549
0.00573978 0.000369277
0.00566574 0.00035731
0.00567045 0.000356594
0.00567539 0.000356162
0.00571961 0.000356371
0.00572099 0.000355064
0.0057144 0.00034883
0.00572965 0.000348458
0.00572188 0.000346273
0.00570729 0.000344056
0.00567402 0.000338857
0.00561885 0.000333412
0.00558898 0.000328163
0.00564121 0.000331136
0.00563701 0.000329659
0.00559137 0.000322986
0.00561554 0.000315695
0.00557206 0.000312599
0.00557345 0.000310237
0.00563211 0.000312504
0.00562236 0.000310986
0.00563041 0.000310201
0.00562571 0.000308388
0.00561921 0.00030756
0.00562447 0.000308175
0.00565221 0.000307959
0.00564798 0.000304084
0.00566087 0.000302658
0.00566767 0.000301939
0.0056622 0.000301541
0.00557211 0.000295083
0.00555437 0.000291691
0.00556787 0.000290014
0.00560257 0.00029219
0.00557334 0.000288962
0.00556441 0.000288363

0.000116264 0.000116264
9.85291e-05 6.96932e-05
9.66845e-05 4.30319e-05
9.53525e-05 3.4675e-05
8.68655e-05 3.89259e-05
8.5983e-05 3.87019e-05
7.40935e-05 1.39108e-05
7.75632e-05 1.50196e-05
7.79253e-05 1.19703e-05
8.1197e-05 1.19767e-05
7.87553e-05 1.05431e-05
8.08085e-05 1.07733e-05
8.44116e-05 1.04494e-05
8.48684e-05 1.00772e-05
8.21922e-05 9.72078e-06
8.18658e-05 9.66167e-06
8.0885e-05 9.38278e-06
7.7044e-05 8.64274e-06
7.84098e-05 8.69201e-06
7.76195e-05 8.16989e-06
7.83534e-05 8.18499e-06
7.943e-05 7.8446e-06
7.93707e-05 7.74138e-06
7.79997e-05 7.596e-06
7.64815e-05 7.04522e-06
7.53972e-05 6.86959e-06
7.60872e-05 6.87879e-06
7.74785e-05 6.7467e-06
7.87176e-05 6.73459e-06
8.00161e-05 6.83407e-06
7.91467e-05 6.64242e-06
7.85727e-05 6.55891e-06
7.80428e-05 6.42949e-06
7.81668e-05 6.30151e-06
7.95592e-05 6.14277e-06
8.07827e-05 6.24549e-06
8.05137e-05 6.11668e-06
7.90997e-05 5.91047e-06
7.96165e-05 5.90261e-06
7.99867e-05 5.90124e-06
7.93133e-05 5.72847e-06
7.87237e-05 5.65721e-06
7.97294e-05 5.63315e-06
7.97778e-05 5.61377e-06
8.02428e-05 5.61482e-06
8.06077e-05 5.5967e-06
8.04754e-05 5.50747e-06
8.04892e-05 5.45549e-06
8.06345e-05 5.38604e-06
8.07165e-05 5.37415e-06
8.08954e-05 5.40536e-06
8.11088e-05 5.38795e-06
8.07966e-05 5.35833e-06
8.13092e-05 5.36691e-06
8.17496e-05 5.37764e-06
8.167e-05 5.34588e-06
8.29756e-05 5.38175e-06
8.33115e-05 5.37559e-06
8.24948e-05 5.24953e-06
8.36547e-05 5.22808e-06
8.42897e-05 5.22903e-06
8.27097e-05 5.10161e-06
8.27173e-05 5.06132e-06
8.37262e-05 5.05369e-06
8.34666e-05 5.03484e-06
8.36213e-05 5.02889e-06
8.28483e-05 4.96316e-06
8.24371e-05 4.90914e-06
8.30016e-05 4.93364e-06
8.1769e-05 4.78168e-06
8.21166e-05 4.79399e-06
8.30508e-05 4.77908e-06
8.35785e-05 4.77936e-06
8.3042e-05 4.69475e-06
8.34672e-05 4.65748e-06
8.30731e-05 4.61964e-06
8.26304e-05 4.53453e-06
8.22613e-05 4.50514e-06
8.23623e-05 4.49079e-06
8.25458e-05 4.4229e-06
8.28271e-05 4.426e-06
8.12851e-05 4.28526e-06
8.16271e-05 4.23912e-06
8.12794e-05 4.20522e-06
8.1192e-05 4.15857e-06
8.12744e-05 4.15408e-06
8.17631e-05 4.17455e-06
8.21879e-05 4.18405e-06
8.19509e-05 4.14024e-06
8.02979e-05 4.0059e-06
7.98268e-05 3.96827e-06
7.97834e-05 3.95011e-06
8.04031e-05 3.95118e-06
8.04661e-05 3.95504e-06
8.0091e-05 3.92045e-06
7.97644e-05 3.92381e-06
7.93195e-05 3.8927e-06
7.96877e-05 3.85674e-06
7.97543e-05 3.8506e-06
7.98532e-05 3.83716e-06

